Using pre-set license
Built from '2020.2/release' branch; Version is '2020.2.1f1 (270dd8c3da1c) revision 2559448'; Using compiler version '192528614'; Build Type 'Release'
OS: 'Windows 10  (10.0.0) 64bit' Language: 'en' Physical Memory: 16198 MB
BatchMode: 1, IsHumanControllingUs: 0, StartBugReporterOnCrash: 0, Is64bit: 1, IsPro: 0

 COMMAND LINE ARGUMENTS:
D:\Unity\2020.2.1f1\Editor\Unity.exe
-adb2
-batchMode
-noUpm
-name
AssetImportWorker1
-projectPath
C:/Users/chris/OneDrive/Documents/GitHub/Forage-Frenzy-IMD2006A
-logFile
Logs/AssetImportWorker1.log
-srvPort
52879
Successfully changed project path to: C:/Users/chris/OneDrive/Documents/GitHub/Forage-Frenzy-IMD2006A
C:/Users/chris/OneDrive/Documents/GitHub/Forage-Frenzy-IMD2006A
Using Asset Import Pipeline V2.
Refreshing native plugins compatible for Editor in 1007.94 ms, found 1 plugins.
Preloading 0 native plugins for Editor in 0.00 ms.
Initialize engine version: 2020.2.1f1 (270dd8c3da1c)
[Subsystems] Discovering subsystems at path D:/Unity/2020.2.1f1/Editor/Data/Resources/UnitySubsystems
[Subsystems] Discovering subsystems at path C:/Users/chris/OneDrive/Documents/GitHub/Forage-Frenzy-IMD2006A/Assets
GfxDevice: creating device client; threaded=0
Direct3D:
    Version:  Direct3D 11.0 [level 11.1]
    Renderer: NVIDIA GeForce GTX 960 (ID=0x1401)
    Vendor:   
    VRAM:     2007 MB
    Driver:   27.21.14.6172
Initialize mono
Mono path[0] = 'D:/Unity/2020.2.1f1/Editor/Data/Managed'
Mono path[1] = 'D:/Unity/2020.2.1f1/Editor/Data/MonoBleedingEdge/lib/mono/unityjit'
Mono config path = 'D:/Unity/2020.2.1f1/Editor/Data/MonoBleedingEdge/etc'
Using monoOptions --debugger-agent=transport=dt_socket,embedding=1,server=y,suspend=n,address=127.0.0.1:56688
Begin MonoManager ReloadAssembly
Registering precompiled unity dll's ...
Register platform support module: D:/Unity/2020.2.1f1/Editor/Data/PlaybackEngines/WebGLSupport/UnityEditor.WebGL.Extensions.dll
Register platform support module: D:/Unity/2020.2.1f1/Editor/Data/PlaybackEngines/WindowsStandaloneSupport/UnityEditor.WindowsStandalone.Extensions.dll
Registered in 0.005225 seconds.
Native extension for WindowsStandalone target not found
Native extension for WebGL target not found
Refreshing native plugins compatible for Editor in 208.99 ms, found 1 plugins.
Preloading 0 native plugins for Editor in 0.00 ms.
Invoked RoslynAnalysisRunner static constructor.
RoslynAnalysisRunner will not be running.
RoslynAnalysisRunner has terminated.
Mono: successfully reloaded assembly
- Completed reload, in  5.602 seconds
Platform modules already initialized, skipping
Registering precompiled user dll's ...
Registered in 0.033336 seconds.
Begin MonoManager ReloadAssembly
Native extension for WindowsStandalone target not found
Native extension for WebGL target not found
Refreshing native plugins compatible for Editor in 0.35 ms, found 1 plugins.
Preloading 0 native plugins for Editor in 0.00 ms.
Invoked RoslynAnalysisRunner static constructor.
RoslynAnalysisRunner will not be running.
RoslynAnalysisRunner has terminated.
Mono: successfully reloaded assembly
- Completed reload, in  3.213 seconds
Platform modules already initialized, skipping
========================================================================
Worker process is ready to serve import requests
Launched and connected shader compiler UnityShaderCompiler.exe after 0.06 seconds
Refreshing native plugins compatible for Editor in 0.32 ms, found 1 plugins.
Preloading 0 native plugins for Editor in 0.00 ms.
Unloading 1130 Unused Serialized files (Serialized files now loaded: 0)
System memory in use before: 74.0 MB.
System memory in use after: 74.1 MB.

Unloading 25 unused Assets to reduce memory usage. Loaded Objects now: 1612.
Total: 9.951700 ms (FindLiveObjects: 1.545500 ms CreateObjectMapping: 2.046800 ms MarkObjects: 6.230800 ms  DeleteObjects: 0.123900 ms)

========================================================================
Received Prepare
Registering precompiled user dll's ...
Registered in 0.087130 seconds.
Begin MonoManager ReloadAssembly
Native extension for WindowsStandalone target not found
Native extension for WebGL target not found
Refreshing native plugins compatible for Editor in 0.35 ms, found 1 plugins.
Preloading 0 native plugins for Editor in 0.00 ms.
Invoked RoslynAnalysisRunner static constructor.
RoslynAnalysisRunner will not be running.
RoslynAnalysisRunner has terminated.
Mono: successfully reloaded assembly
- Completed reload, in 15.184 seconds
Platform modules already initialized, skipping
Refreshing native plugins compatible for Editor in 45.73 ms, found 1 plugins.
Preloading 0 native plugins for Editor in 0.00 ms.
Unloading 1115 Unused Serialized files (Serialized files now loaded: 0)
System memory in use before: 73.9 MB.
System memory in use after: 74.0 MB.

Unloading 20 unused Assets to reduce memory usage. Loaded Objects now: 1618.
Total: 23.807300 ms (FindLiveObjects: 0.173200 ms CreateObjectMapping: 0.047600 ms MarkObjects: 23.474700 ms  DeleteObjects: 0.108800 ms)

========================================================================
Received Import Request.
  path: Assets/Scenes/Main.unity
  artifactKey: Guid(f7b7dac415be55d42bc33ebda0375d1a) Importer(815301076,1909f56bfc062723c751e8b465ee728b)
Start importing Assets/Scenes/Main.unity using Guid(f7b7dac415be55d42bc33ebda0375d1a) Importer(815301076,1909f56bfc062723c751e8b465ee728b)  -> (artifact id: '81ebd97944d8fe3beac33f8e51b40e07') in 0.565301 seconds
  Import took 0.669595 seconds .

========================================================================
Received Prepare
Registering precompiled user dll's ...
Registered in 0.016497 seconds.
Begin MonoManager ReloadAssembly
Native extension for WindowsStandalone target not found
Native extension for WebGL target not found
Refreshing native plugins compatible for Editor in 1.96 ms, found 1 plugins.
Preloading 0 native plugins for Editor in 0.00 ms.
Invoked RoslynAnalysisRunner static constructor.
RoslynAnalysisRunner will not be running.
RoslynAnalysisRunner has terminated.
Mono: successfully reloaded assembly
- Completed reload, in 21.140 seconds
Platform modules already initialized, skipping
Refreshing native plugins compatible for Editor in 2.88 ms, found 1 plugins.
Preloading 0 native plugins for Editor in 0.00 ms.
Unloading 1115 Unused Serialized files (Serialized files now loaded: 0)
System memory in use before: 74.0 MB.
System memory in use after: 74.1 MB.

Unloading 20 unused Assets to reduce memory usage. Loaded Objects now: 1620.
Total: 121.781500 ms (FindLiveObjects: 119.709200 ms CreateObjectMapping: 0.068000 ms MarkObjects: 1.967100 ms  DeleteObjects: 0.034400 ms)

========================================================================
Received Import Request.
  Time since last request: 62.277323 seconds.
  path: Assets/Scenes/MainMenu.unity
  artifactKey: Guid(a2bf9b36ea38b4d45ad13f41be9bb75b) Importer(815301076,1909f56bfc062723c751e8b465ee728b)
Start importing Assets/Scenes/MainMenu.unity using Guid(a2bf9b36ea38b4d45ad13f41be9bb75b) Importer(815301076,1909f56bfc062723c751e8b465ee728b)  -> (artifact id: '912d79cdbce91a3122a2baba4eace229') in 0.366582 seconds
  Import took 0.371177 seconds .

========================================================================
Received Prepare
Registering precompiled user dll's ...
Registered in 0.104291 seconds.
Begin MonoManager ReloadAssembly
Native extension for WindowsStandalone target not found
Native extension for WebGL target not found
Refreshing native plugins compatible for Editor in 0.46 ms, found 1 plugins.
Preloading 0 native plugins for Editor in 0.00 ms.
Invoked RoslynAnalysisRunner static constructor.
RoslynAnalysisRunner will not be running.
RoslynAnalysisRunner has terminated.
Mono: successfully reloaded assembly
- Completed reload, in 13.755 seconds
Platform modules already initialized, skipping
Refreshing native plugins compatible for Editor in 1.53 ms, found 1 plugins.
Preloading 0 native plugins for Editor in 0.00 ms.
Unloading 1115 Unused Serialized files (Serialized files now loaded: 0)
System memory in use before: 74.0 MB.
System memory in use after: 74.1 MB.

Unloading 20 unused Assets to reduce memory usage. Loaded Objects now: 1622.
Total: 9.354600 ms (FindLiveObjects: 0.994200 ms CreateObjectMapping: 0.149200 ms MarkObjects: 8.172100 ms  DeleteObjects: 0.036600 ms)

========================================================================
Received Import Request.
  Time since last request: 33.664676 seconds.
  path: Assets/chrisMaterials/rock.png
  artifactKey: Guid(e5b0348256b0efb4eb2cc496af73c4f0) Importer(815301076,1909f56bfc062723c751e8b465ee728b)
Start importing Assets/chrisMaterials/rock.png using Guid(e5b0348256b0efb4eb2cc496af73c4f0) Importer(815301076,1909f56bfc062723c751e8b465ee728b)  -> (artifact id: '05499ad64bc8257633b8e042e119c5af') in 0.632748 seconds
  Import took 0.673428 seconds .

========================================================================
Received Import Request.
  Time since last request: 248.807778 seconds.
  path: Assets/Scenes/Main 1.unity
  artifactKey: Guid(f6a49b7fa62244f409767da12cd0c922) Importer(815301076,1909f56bfc062723c751e8b465ee728b)
Start importing Assets/Scenes/Main 1.unity using Guid(f6a49b7fa62244f409767da12cd0c922) Importer(815301076,1909f56bfc062723c751e8b465ee728b)  -> (artifact id: '2cbe6bf39aff5050d7e14fb15cae00e7') in 0.381111 seconds
  Import took 0.421148 seconds .

========================================================================
Received Import Request.
  Time since last request: 7.479769 seconds.
  path: Assets/Scenes/Dylan.unity
  artifactKey: Guid(b921164daa6be4648b79d29ebd2702a6) Importer(815301076,1909f56bfc062723c751e8b465ee728b)
Start importing Assets/Scenes/Dylan.unity using Guid(b921164daa6be4648b79d29ebd2702a6) Importer(815301076,1909f56bfc062723c751e8b465ee728b)  -> (artifact id: 'd3d2fccd1beeadd6359c86da352b3057') in 0.198431 seconds
  Import took 0.212416 seconds .

========================================================================
Received Import Request.
  Time since last request: 71.048812 seconds.
  path: Assets/Scenes/Main.unity
  artifactKey: Guid(f7b7dac415be55d42bc33ebda0375d1a) Importer(815301076,1909f56bfc062723c751e8b465ee728b)
Start importing Assets/Scenes/Main.unity using Guid(f7b7dac415be55d42bc33ebda0375d1a) Importer(815301076,1909f56bfc062723c751e8b465ee728b)  -> (artifact id: 'e57634e967442f0e4387ba6b956741cd') in 0.029049 seconds
  Import took 0.077633 seconds .

========================================================================
Received Import Request.
  Time since last request: 7.032811 seconds.
  path: Assets/Scenes/Avery.unity
  artifactKey: Guid(4ca598b4d3ae6384685a2bda387cbac9) Importer(815301076,1909f56bfc062723c751e8b465ee728b)
Start importing Assets/Scenes/Avery.unity using Guid(4ca598b4d3ae6384685a2bda387cbac9) Importer(815301076,1909f56bfc062723c751e8b465ee728b)  -> (artifact id: '53efe4ae3626e9634d3227b817cc7287') in 0.065447 seconds
  Import took 0.068569 seconds .

========================================================================
Received Import Request.
  Time since last request: 25.321405 seconds.
  path: Assets/BoxCamera.prefab
  artifactKey: Guid(f85093a9017a3ae489d279a060752b6f) Importer(815301076,1909f56bfc062723c751e8b465ee728b)
Start importing Assets/BoxCamera.prefab using Guid(f85093a9017a3ae489d279a060752b6f) Importer(815301076,1909f56bfc062723c751e8b465ee728b)  -> (artifact id: '398febbc473beab514e649771395c8e7') in 0.233579 seconds
  Import took 0.236651 seconds .

========================================================================
Received Import Request.
  Time since last request: 0.000224 seconds.
  path: Assets/New_Guard_Model.fbx
  artifactKey: Guid(f41718beecd850c428e93024984d575b) Importer(815301076,1909f56bfc062723c751e8b465ee728b)
Start importing Assets/New_Guard_Model.fbx using Guid(f41718beecd850c428e93024984d575b) Importer(815301076,1909f56bfc062723c751e8b465ee728b)  -> (artifact id: 'ce355cdbfd9b1d40aed2f0f6b75dd995') in 0.676063 seconds
  Import took 0.680597 seconds .

========================================================================
Received Import Request.
  Time since last request: 0.000178 seconds.
  path: Assets/SlidingDoor.prefab
  artifactKey: Guid(b80ae471d06b980469476667962f5cd5) Importer(815301076,1909f56bfc062723c751e8b465ee728b)
Start importing Assets/SlidingDoor.prefab using Guid(b80ae471d06b980469476667962f5cd5) Importer(815301076,1909f56bfc062723c751e8b465ee728b)  -> (artifact id: '77320c3822e0b97ff006b106b663d4d6') in 0.096262 seconds
  Import took 0.105479 seconds .

========================================================================
Received Import Request.
  Time since last request: 0.000475 seconds.
  path: Assets/CameraFOV2.fbx
  artifactKey: Guid(5208c413ee1fd124586e06e25137f398) Importer(815301076,1909f56bfc062723c751e8b465ee728b)
Start importing Assets/CameraFOV2.fbx using Guid(5208c413ee1fd124586e06e25137f398) Importer(815301076,1909f56bfc062723c751e8b465ee728b)  -> (artifact id: '2c4cac9b81df307761e6c4d894a8b99f') in 0.378913 seconds
  Import took 0.409042 seconds .

========================================================================
Received Import Request.
  Time since last request: 0.001020 seconds.
  path: Assets/Door.fbx
  artifactKey: Guid(ca31204b1be2eed4daf2f14e4f7a8681) Importer(815301076,1909f56bfc062723c751e8b465ee728b)
Start importing Assets/Door.fbx using Guid(ca31204b1be2eed4daf2f14e4f7a8681) Importer(815301076,1909f56bfc062723c751e8b465ee728b)  -> (artifact id: '4684afccfbbad05afa06635bc9ebfe9e') in 0.332424 seconds
  Import took 0.337451 seconds .

========================================================================
Received Import Request.
  Time since last request: 0.002785 seconds.
  path: Assets/Shelf_With_Space_Model.fbx
  artifactKey: Guid(8926528b08dfc214f8db6546a5128307) Importer(815301076,1909f56bfc062723c751e8b465ee728b)
Start importing Assets/Shelf_With_Space_Model.fbx using Guid(8926528b08dfc214f8db6546a5128307) Importer(815301076,1909f56bfc062723c751e8b465ee728b)  -> (artifact id: '4417434c9777ff26cf3ba6591cd95a6f') in 2.461296 seconds
  Import took 2.522260 seconds .

========================================================================
Received Import Request.
  Time since last request: 0.000389 seconds.
  path: Assets/Scenes
  artifactKey: Guid(e535d6bf3a02a8746804580b1b3919e6) Importer(815301076,1909f56bfc062723c751e8b465ee728b)
Start importing Assets/Scenes using Guid(e535d6bf3a02a8746804580b1b3919e6) Importer(815301076,1909f56bfc062723c751e8b465ee728b)  -> (artifact id: '2ebff009cbeba7fde8408ae689100808') in 0.167107 seconds
  Import took 0.189751 seconds .

========================================================================
Received Import Request.
  Time since last request: 0.000566 seconds.
  path: Assets/NewCameraFOV.fbx
  artifactKey: Guid(dfca184c36b05534fb0da4a167b56f20) Importer(815301076,1909f56bfc062723c751e8b465ee728b)
Start importing Assets/NewCameraFOV.fbx using Guid(dfca184c36b05534fb0da4a167b56f20) Importer(815301076,1909f56bfc062723c751e8b465ee728b)  -> (artifact id: 'f648ba42fef9c54b10a8aa3e417444d0') in 0.238598 seconds
  Import took 0.358241 seconds .

========================================================================
Received Import Request.
  Time since last request: 0.000300 seconds.
  path: Assets/New Material.mat
  artifactKey: Guid(bf727a393dcddc44c82fe28a0499b90f) Importer(815301076,1909f56bfc062723c751e8b465ee728b)
Start importing Assets/New Material.mat using Guid(bf727a393dcddc44c82fe28a0499b90f) Importer(815301076,1909f56bfc062723c751e8b465ee728b)  -> (artifact id: '352df5fa3553d9f2dc39f216e8e49ffe') in 0.149761 seconds
  Import took 0.153496 seconds .

========================================================================
Received Import Request.
  Time since last request: 0.000197 seconds.
  path: Assets/Security_Camera.fbx
  artifactKey: Guid(a78e38c1b0d05a24ea9c9f462238aadf) Importer(815301076,1909f56bfc062723c751e8b465ee728b)
Start importing Assets/Security_Camera.fbx using Guid(a78e38c1b0d05a24ea9c9f462238aadf) Importer(815301076,1909f56bfc062723c751e8b465ee728b)  -> (artifact id: '3bf63a4b95d164770ad63a466b65b5ee') in 0.395536 seconds
  Import took 0.405335 seconds .

========================================================================
Received Import Request.
  Time since last request: 0.000281 seconds.
  path: Assets/NewLayer.terrainlayer
  artifactKey: Guid(7811aab7889c33e48b39d6e330c5e4c8) Importer(815301076,1909f56bfc062723c751e8b465ee728b)
Start importing Assets/NewLayer.terrainlayer using Guid(7811aab7889c33e48b39d6e330c5e4c8) Importer(815301076,1909f56bfc062723c751e8b465ee728b)  -> (artifact id: 'e7e9a7cfe59fd8732ebfb312a4c456df') in 0.189983 seconds
  Import took 0.276987 seconds .

========================================================================
Received Import Request.
  Time since last request: 0.000623 seconds.
  path: Assets/Test.asset
  artifactKey: Guid(f169c7cf551d321499a86e4bc49a6b4a) Importer(815301076,1909f56bfc062723c751e8b465ee728b)
Start importing Assets/Test.asset using Guid(f169c7cf551d321499a86e4bc49a6b4a) Importer(815301076,1909f56bfc062723c751e8b465ee728b)  -> (artifact id: 'cb7d19c9d3a92a1fb1186aac1080b3ae') in 0.728728 seconds
  Import took 0.773517 seconds .

========================================================================
Received Import Request.
  Time since last request: 0.000217 seconds.
  path: Assets/Scenes/Chris.unity
  artifactKey: Guid(3617066399b6a2149a27e5606b953ee4) Importer(815301076,1909f56bfc062723c751e8b465ee728b)
Start importing Assets/Scenes/Chris.unity using Guid(3617066399b6a2149a27e5606b953ee4) Importer(815301076,1909f56bfc062723c751e8b465ee728b)  -> (artifact id: 'bd170d4f853e03a8784fe73d7a8f52db') in 0.064839 seconds
  Import took 0.103799 seconds .

========================================================================
Received Import Request.
  Time since last request: 0.000208 seconds.
  path: Assets/Light.fbx
  artifactKey: Guid(9ccda0b2247259d40b86b95479bfbdd9) Importer(815301076,1909f56bfc062723c751e8b465ee728b)
Start importing Assets/Light.fbx using Guid(9ccda0b2247259d40b86b95479bfbdd9) Importer(815301076,1909f56bfc062723c751e8b465ee728b)  -> (artifact id: 'e3e0e580f30399463c06a00572ceb7e2') in 0.318682 seconds
  Import took 0.432532 seconds .

========================================================================
Received Import Request.
  Time since last request: 0.000201 seconds.
  path: Assets/Plane.prefab
  artifactKey: Guid(0df464d87fc4dd04cb7a097552692185) Importer(815301076,1909f56bfc062723c751e8b465ee728b)
Start importing Assets/Plane.prefab using Guid(0df464d87fc4dd04cb7a097552692185) Importer(815301076,1909f56bfc062723c751e8b465ee728b)  -> (artifact id: 'ad04b74679be2f860f27b189c1b39bdf') in 0.122583 seconds
  Import took 0.126787 seconds .

========================================================================
Received Import Request.
  Time since last request: 0.000195 seconds.
  path: Assets/ShelfMaterial.mat
  artifactKey: Guid(c9512dbe9e77b7d47ac778d1692b1cb0) Importer(815301076,1909f56bfc062723c751e8b465ee728b)
Start importing Assets/ShelfMaterial.mat using Guid(c9512dbe9e77b7d47ac778d1692b1cb0) Importer(815301076,1909f56bfc062723c751e8b465ee728b)  -> (artifact id: '1419de2954dbc9158c08501b042472dd') in 0.383333 seconds
  Import took 0.408684 seconds .

========================================================================
Received Import Request.
  Time since last request: 0.000523 seconds.
  path: Assets/MainTerrain.asset
  artifactKey: Guid(939eed16056206845bd2c88d4b5da796) Importer(815301076,1909f56bfc062723c751e8b465ee728b)
Start importing Assets/MainTerrain.asset using Guid(939eed16056206845bd2c88d4b5da796) Importer(815301076,1909f56bfc062723c751e8b465ee728b)  -> (artifact id: '89396b0fa9f800c26b4fd12187e03c07') in 0.769871 seconds
  Import took 0.807073 seconds .

========================================================================
Received Import Request.
  Time since last request: 0.000276 seconds.
  path: Assets/Shelf_Model.fbx
  artifactKey: Guid(b5a636483dad5ee49a999fdce93e0eb2) Importer(815301076,1909f56bfc062723c751e8b465ee728b)
Start importing Assets/Shelf_Model.fbx using Guid(b5a636483dad5ee49a999fdce93e0eb2) Importer(815301076,1909f56bfc062723c751e8b465ee728b)  -> (artifact id: 'fc89cfb29913a7eaa67002bca6409243') in 4.527683 seconds
  Import took 4.534216 seconds .

========================================================================
Received Import Request.
  Time since last request: 0.159554 seconds.
  path: Assets/chrisPrefabs/AOT Wall.prefab
  artifactKey: Guid(aa181f0058b4c1c4c9e685f0b8a81a19) Importer(815301076,1909f56bfc062723c751e8b465ee728b)
Start importing Assets/chrisPrefabs/AOT Wall.prefab using Guid(aa181f0058b4c1c4c9e685f0b8a81a19) Importer(815301076,1909f56bfc062723c751e8b465ee728b)  -> (artifact id: 'ea1e1b3a4e42cace7fab269e8776496e') in 0.227593 seconds
  Import took 0.271475 seconds .

========================================================================
Received Import Request.
  Time since last request: 0.000310 seconds.
  path: Assets/chrisPrefabs/PlayerFox2.prefab
  artifactKey: Guid(c9b463da1135cec469b0eb6a664550ff) Importer(815301076,1909f56bfc062723c751e8b465ee728b)
Start importing Assets/chrisPrefabs/PlayerFox2.prefab using Guid(c9b463da1135cec469b0eb6a664550ff) Importer(815301076,1909f56bfc062723c751e8b465ee728b)  -> (artifact id: '5fa92ade4176b96a1ec000b1d7df1da1') in 5.317237 seconds
  Import took 5.414199 seconds .

========================================================================
Received Import Request.
  Time since last request: 0.000257 seconds.
  path: Assets/chrisPrefabs/Veggie.prefab
  artifactKey: Guid(bbaa64ef63633cf43a80210474fb71b8) Importer(815301076,1909f56bfc062723c751e8b465ee728b)
Start importing Assets/chrisPrefabs/Veggie.prefab using Guid(bbaa64ef63633cf43a80210474fb71b8) Importer(815301076,1909f56bfc062723c751e8b465ee728b)  -> (artifact id: '8be0cfd98784ce57c3a347b3e0d5b259') in 0.347139 seconds
  Import took 0.353274 seconds .

========================================================================
Received Import Request.
  Time since last request: 0.000675 seconds.
  path: Assets/chrisPrefabs/Den.prefab
  artifactKey: Guid(b812505762497714fbddfbc2c2954075) Importer(815301076,1909f56bfc062723c751e8b465ee728b)
Start importing Assets/chrisPrefabs/Den.prefab using Guid(b812505762497714fbddfbc2c2954075) Importer(815301076,1909f56bfc062723c751e8b465ee728b)  -> (artifact id: '40c8543b151a2375abe6ff87f57f6d94') in 0.501166 seconds
  Import took 0.558328 seconds .

========================================================================
Received Import Request.
  Time since last request: 0.000306 seconds.
  path: Assets/chrisPrefabs/Shelf_Model.prefab
  artifactKey: Guid(d20480865af13344f92529d0b524534f) Importer(815301076,1909f56bfc062723c751e8b465ee728b)
Start importing Assets/chrisPrefabs/Shelf_Model.prefab using Guid(d20480865af13344f92529d0b524534f) Importer(815301076,1909f56bfc062723c751e8b465ee728b)  -> (artifact id: '69a582ce864029e265ba185d8f569906') in 0.351236 seconds
  Import took 0.369546 seconds .

========================================================================
Received Import Request.
  Time since last request: 0.000261 seconds.
  path: Assets/chrisPrefabs/DepositWords.prefab
  artifactKey: Guid(56bfbbadd360a994bbe7cba85eaf1980) Importer(815301076,1909f56bfc062723c751e8b465ee728b)
Start importing Assets/chrisPrefabs/DepositWords.prefab using Guid(56bfbbadd360a994bbe7cba85eaf1980) Importer(815301076,1909f56bfc062723c751e8b465ee728b)  -> (artifact id: '14a5e3c03924f812911b8e192bfa44fe') in 0.347277 seconds
  Import took 0.360172 seconds .

========================================================================
Received Import Request.
  Time since last request: 0.000170 seconds.
  path: Assets/chrisPrefabs/Canvas.prefab
  artifactKey: Guid(c7c795b3ea80bae478abaf89c5e46105) Importer(815301076,1909f56bfc062723c751e8b465ee728b)
Start importing Assets/chrisPrefabs/Canvas.prefab using Guid(c7c795b3ea80bae478abaf89c5e46105) Importer(815301076,1909f56bfc062723c751e8b465ee728b)  -> (artifact id: '7cf1819c6d233f310521ccd4abca0dbe') in 4.138245 seconds
  Import took 4.224977 seconds .

========================================================================
Received Import Request.
  Time since last request: 0.010225 seconds.
  path: Assets/chrisPrefabs/Sammy.prefab
  artifactKey: Guid(a30e9f0660bea7c408a69e243a208120) Importer(815301076,1909f56bfc062723c751e8b465ee728b)
Start importing Assets/chrisPrefabs/Sammy.prefab using Guid(a30e9f0660bea7c408a69e243a208120) Importer(815301076,1909f56bfc062723c751e8b465ee728b)  -> (artifact id: '89a3dd29d5e400a9b7991b000801599d') in 0.489504 seconds
  Import took 0.506625 seconds .

========================================================================
Received Import Request.
  Time since last request: 0.008791 seconds.
  path: Assets/chrisPrefabs/Shelf_Model2.prefab
  artifactKey: Guid(714f5b69c39566a40bff4e68c9f1d28d) Importer(815301076,1909f56bfc062723c751e8b465ee728b)
Start importing Assets/chrisPrefabs/Shelf_Model2.prefab using Guid(714f5b69c39566a40bff4e68c9f1d28d) Importer(815301076,1909f56bfc062723c751e8b465ee728b)  -> (artifact id: '29218acdd363430869cf1bdc9e26888a') in 0.224142 seconds
  Import took 0.259914 seconds .

========================================================================
Received Import Request.
  Time since last request: 0.002490 seconds.
  path: Assets/chrisPrefabs/tunnel.fbx
  artifactKey: Guid(e262bbd5abf83c74dbe30cfe547fe889) Importer(815301076,1909f56bfc062723c751e8b465ee728b)
Start importing Assets/chrisPrefabs/tunnel.fbx using Guid(e262bbd5abf83c74dbe30cfe547fe889) Importer(815301076,1909f56bfc062723c751e8b465ee728b)  -> (artifact id: '3fa2522155edf742958f9410eb8188b4') in 0.201682 seconds
  Import took 0.223043 seconds .

========================================================================
Received Import Request.
  Time since last request: 0.000220 seconds.
  path: Assets/chrisPrefabs/Road.prefab
  artifactKey: Guid(26cfbd3c46bf5fa4fbdd360196950a56) Importer(815301076,1909f56bfc062723c751e8b465ee728b)
Start importing Assets/chrisPrefabs/Road.prefab using Guid(26cfbd3c46bf5fa4fbdd360196950a56) Importer(815301076,1909f56bfc062723c751e8b465ee728b)  -> (artifact id: 'a5f60d672ea3aeb56176539784773c3b') in 0.282304 seconds
  Import took 0.294345 seconds .

========================================================================
Received Import Request.
  Time since last request: 0.001224 seconds.
  path: Assets/chrisPrefabs/New Store.prefab
  artifactKey: Guid(a755495b85b24744ca65124c20a0e11a) Importer(815301076,1909f56bfc062723c751e8b465ee728b)
Start importing Assets/chrisPrefabs/New Store.prefab using Guid(a755495b85b24744ca65124c20a0e11a) Importer(815301076,1909f56bfc062723c751e8b465ee728b)  -> (artifact id: 'f067ca04e72bb16ce3eec7691fc13cef') in 0.560379 seconds
  Import took 0.696708 seconds .

========================================================================
Received Import Request.
  Time since last request: 89.423873 seconds.
  path: Assets/chrisPrefabs/Terrain.prefab
  artifactKey: Guid(584d290c63191d44ab6301b0dc10efdc) Importer(815301076,1909f56bfc062723c751e8b465ee728b)
Start importing Assets/chrisPrefabs/Terrain.prefab using Guid(584d290c63191d44ab6301b0dc10efdc) Importer(815301076,1909f56bfc062723c751e8b465ee728b)  -> (artifact id: '1441b5e8fe43901c111e1e1e1db3444b') in 0.390063 seconds
  Import took 0.430260 seconds .

========================================================================
Received Import Request.
  Time since last request: 39.119388 seconds.
  path: Assets/chrisPrefabs/depositCollider.prefab
  artifactKey: Guid(f68da0561b7b0924c8b9c2deaac489b7) Importer(815301076,1909f56bfc062723c751e8b465ee728b)
Start importing Assets/chrisPrefabs/depositCollider.prefab using Guid(f68da0561b7b0924c8b9c2deaac489b7) Importer(815301076,1909f56bfc062723c751e8b465ee728b)  -> (artifact id: '92d7056c9ed7a6932d67e125c289d2ca') in 0.124859 seconds
  Import took 0.154305 seconds .

========================================================================
Received Import Request.
  Time since last request: 229.654085 seconds.
  path: Assets/Scenes/Dylan.unity
  artifactKey: Guid(b921164daa6be4648b79d29ebd2702a6) Importer(815301076,1909f56bfc062723c751e8b465ee728b)
Start importing Assets/Scenes/Dylan.unity using Guid(b921164daa6be4648b79d29ebd2702a6) Importer(815301076,1909f56bfc062723c751e8b465ee728b)  -> (artifact id: '7d06dfc69934cd20575118dd67ad8752') in 0.017202 seconds
  Import took 0.028849 seconds .

========================================================================
Received Import Request.
  Time since last request: 3.737350 seconds.
  path: Assets/Scenes/Main.unity
  artifactKey: Guid(f7b7dac415be55d42bc33ebda0375d1a) Importer(815301076,1909f56bfc062723c751e8b465ee728b)
Start importing Assets/Scenes/Main.unity using Guid(f7b7dac415be55d42bc33ebda0375d1a) Importer(815301076,1909f56bfc062723c751e8b465ee728b)  -> (artifact id: 'd78fd674419d8d3789197856d4b8ad65') in 0.039034 seconds
  Import took 0.057835 seconds .

========================================================================
Received Import Request.
  Time since last request: 204.645383 seconds.
  path: Assets/Scenes/Dylan
  artifactKey: Guid(18c0597bd2174c84bab8ac4c3ff5ac9a) Importer(815301076,1909f56bfc062723c751e8b465ee728b)
Start importing Assets/Scenes/Dylan using Guid(18c0597bd2174c84bab8ac4c3ff5ac9a) Importer(815301076,1909f56bfc062723c751e8b465ee728b)  -> (artifact id: '7eb0e2deeba1ea8738d68eb2490ebd6a') in 0.300036 seconds
  Import took 0.323589 seconds .

