Using pre-set license
Built from '2020.2/release' branch; Version is '2020.2.1f1 (270dd8c3da1c) revision 2559448'; Using compiler version '192528614'; Build Type 'Release'
OS: 'Windows 10  (10.0.0) 64bit' Language: 'en' Physical Memory: 16332 MB
BatchMode: 1, IsHumanControllingUs: 0, StartBugReporterOnCrash: 0, Is64bit: 1, IsPro: 0

 COMMAND LINE ARGUMENTS:
C:\Program Files\Unity\Hub\Editor\2020.2.1f1\Editor\Unity.exe
-adb2
-batchMode
-noUpm
-name
AssetImportWorker44
-projectPath
C:/Users/paddy/OneDrive - Carleton University/Documents/Second Year/Game Design/Final_game/New folder/Forage-Frenzy-IMD2006A
-logFile
Logs/AssetImportWorker44.log
-srvPort
57139
Successfully changed project path to: C:/Users/paddy/OneDrive - Carleton University/Documents/Second Year/Game Design/Final_game/New folder/Forage-Frenzy-IMD2006A
C:/Users/paddy/OneDrive - Carleton University/Documents/Second Year/Game Design/Final_game/New folder/Forage-Frenzy-IMD2006A
Using Asset Import Pipeline V2.
